ERROR - 2023-07-26 15:57:52 --> Error connecting to the database: ErrorException: mysqli::real_connect(): php_network_getaddresses: getaddrinfo for http failed: No such host is known.  in E:\uas_ci4\vendor\codeigniter4\framework\system\Database\MySQLi\Connection.php:173
Stack trace:
#0 [internal function]: CodeIgniter\Debug\Exceptions->errorHandler(2, 'mysqli::real_co...', 'E:\\uas_ci4\\vend...', 173)
#1 E:\uas_ci4\vendor\codeigniter4\framework\system\Database\MySQLi\Connection.php(173): mysqli->real_connect('http://localhos...', '', Object(SensitiveParameterValue), '', 3306, '', 0)
#2 E:\uas_ci4\vendor\codeigniter4\framework\system\Database\BaseConnection.php(391): CodeIgniter\Database\MySQLi\Connection->connect(false)
#3 E:\uas_ci4\vendor\codeigniter4\framework\system\Database\BaseConnection.php(574): CodeIgniter\Database\BaseConnection->initialize()
#4 E:\uas_ci4\vendor\codeigniter4\framework\system\Database\BaseBuilder.php(2309): CodeIgniter\Database\BaseConnection->query('INSERT INTO `pe...', Array, false)
#5 E:\uas_ci4\app\Models\GeneralModel.php(129): CodeIgniter\Database\BaseBuilder->insert(Array)
#6 E:\uas_ci4\app\Controllers\Home.php(25): App\Models\GeneralModel->simpan_data(Array)
#7 E:\uas_ci4\vendor\codeigniter4\framework\system\CodeIgniter.php(932): App\Controllers\Home->savePeserta()
#8 E:\uas_ci4\vendor\codeigniter4\framework\system\CodeIgniter.php(497): CodeIgniter\CodeIgniter->runController(Object(App\Controllers\Home))
#9 E:\uas_ci4\vendor\codeigniter4\framework\system\CodeIgniter.php(366): CodeIgniter\CodeIgniter->handleRequest(NULL, Object(Config\Cache), false)
#10 E:\uas_ci4\public\index.php(67): CodeIgniter\CodeIgniter->run()
#11 E:\uas_ci4\vendor\codeigniter4\framework\system\Commands\Server\rewrite.php(47): require_once('E:\\uas_ci4\\publ...')
#12 {main}

Next mysqli_sql_exception: php_network_getaddresses: getaddrinfo for http failed: No such host is known.  in E:\uas_ci4\vendor\codeigniter4\framework\system\Database\MySQLi\Connection.php:173
Stack trace:
#0 E:\uas_ci4\vendor\codeigniter4\framework\system\Database\MySQLi\Connection.php(173): mysqli->real_connect('http://localhos...', '', Object(SensitiveParameterValue), '', 3306, '', 0)
#1 E:\uas_ci4\vendor\codeigniter4\framework\system\Database\BaseConnection.php(391): CodeIgniter\Database\MySQLi\Connection->connect(false)
#2 E:\uas_ci4\vendor\codeigniter4\framework\system\Database\BaseConnection.php(574): CodeIgniter\Database\BaseConnection->initialize()
#3 E:\uas_ci4\vendor\codeigniter4\framework\system\Database\BaseBuilder.php(2309): CodeIgniter\Database\BaseConnection->query('INSERT INTO `pe...', Array, false)
#4 E:\uas_ci4\app\Models\GeneralModel.php(129): CodeIgniter\Database\BaseBuilder->insert(Array)
#5 E:\uas_ci4\app\Controllers\Home.php(25): App\Models\GeneralModel->simpan_data(Array)
#6 E:\uas_ci4\vendor\codeigniter4\framework\system\CodeIgniter.php(932): App\Controllers\Home->savePeserta()
#7 E:\uas_ci4\vendor\codeigniter4\framework\system\CodeIgniter.php(497): CodeIgniter\CodeIgniter->runController(Object(App\Controllers\Home))
#8 E:\uas_ci4\vendor\codeigniter4\framework\system\CodeIgniter.php(366): CodeIgniter\CodeIgniter->handleRequest(NULL, Object(Config\Cache), false)
#9 E:\uas_ci4\public\index.php(67): CodeIgniter\CodeIgniter->run()
#10 E:\uas_ci4\vendor\codeigniter4\framework\system\Commands\Server\rewrite.php(47): require_once('E:\\uas_ci4\\publ...')
#11 {main}

Next CodeIgniter\Database\Exceptions\DatabaseException: php_network_getaddresses: getaddrinfo for http failed: No such host is known.  in E:\uas_ci4\vendor\codeigniter4\framework\system\Database\MySQLi\Connection.php:218
Stack trace:
#0 E:\uas_ci4\vendor\codeigniter4\framework\system\Database\BaseConnection.php(391): CodeIgniter\Database\MySQLi\Connection->connect(false)
#1 E:\uas_ci4\vendor\codeigniter4\framework\system\Database\BaseConnection.php(574): CodeIgniter\Database\BaseConnection->initialize()
#2 E:\uas_ci4\vendor\codeigniter4\framework\system\Database\BaseBuilder.php(2309): CodeIgniter\Database\BaseConnection->query('INSERT INTO `pe...', Array, false)
#3 E:\uas_ci4\app\Models\GeneralModel.php(129): CodeIgniter\Database\BaseBuilder->insert(Array)
#4 E:\uas_ci4\app\Controllers\Home.php(25): App\Models\GeneralModel->simpan_data(Array)
#5 E:\uas_ci4\vendor\codeigniter4\framework\system\CodeIgniter.php(932): App\Controllers\Home->savePeserta()
#6 E:\uas_ci4\vendor\codeigniter4\framework\system\CodeIgniter.php(497): CodeIgniter\CodeIgniter->runController(Object(App\Controllers\Home))
#7 E:\uas_ci4\vendor\codeigniter4\framework\system\CodeIgniter.php(366): CodeIgniter\CodeIgniter->handleRequest(NULL, Object(Config\Cache), false)
#8 E:\uas_ci4\public\index.php(67): CodeIgniter\CodeIgniter->run()
#9 E:\uas_ci4\vendor\codeigniter4\framework\system\Commands\Server\rewrite.php(47): require_once('E:\\uas_ci4\\publ...')
#10 {main}
CRITICAL - 2023-07-26 15:57:52 --> Unable to connect to the database.
Main connection [MySQLi]: php_network_getaddresses: getaddrinfo for http failed: No such host is known. 
in SYSTEMPATH\Database\BaseConnection.php on line 427.
 1 SYSTEMPATH\Database\BaseConnection.php(574): CodeIgniter\Database\BaseConnection->initialize()
 2 SYSTEMPATH\Database\BaseBuilder.php(2309): CodeIgniter\Database\BaseConnection->query('INSERT INTO `peserta` (`nama`, `jenis_lomba`) VALUES (:nama:, :jenis_lomba:)', [...], false)
 3 APPPATH\Models\GeneralModel.php(129): CodeIgniter\Database\BaseBuilder->insert([...])
 4 APPPATH\Controllers\Home.php(25): App\Models\GeneralModel->simpan_data([...])
 5 SYSTEMPATH\CodeIgniter.php(932): App\Controllers\Home->savePeserta()
 6 SYSTEMPATH\CodeIgniter.php(497): CodeIgniter\CodeIgniter->runController(Object(App\Controllers\Home))
 7 SYSTEMPATH\CodeIgniter.php(366): CodeIgniter\CodeIgniter->handleRequest(null, Object(Config\Cache), false)
 8 FCPATH\index.php(67): CodeIgniter\CodeIgniter->run()
 9 SYSTEMPATH\Commands\Server\rewrite.php(47): require_once('E:\\uas_ci4\\public\\index.php')
INFO - 2023-07-26 16:00:09 --> Session: Class initialized using 'CodeIgniter\Session\Handlers\FileHandler' driver.
INFO - 2023-07-26 16:00:09 --> Session: Class initialized using 'CodeIgniter\Session\Handlers\FileHandler' driver.
INFO - 2023-07-26 16:01:01 --> Session: Class initialized using 'CodeIgniter\Session\Handlers\FileHandler' driver.
INFO - 2023-07-26 16:01:02 --> Session: Class initialized using 'CodeIgniter\Session\Handlers\FileHandler' driver.
INFO - 2023-07-26 16:02:12 --> Session: Class initialized using 'CodeIgniter\Session\Handlers\FileHandler' driver.
INFO - 2023-07-26 16:02:25 --> Session: Class initialized using 'CodeIgniter\Session\Handlers\FileHandler' driver.
INFO - 2023-07-26 16:02:25 --> Session: Class initialized using 'CodeIgniter\Session\Handlers\FileHandler' driver.
INFO - 2023-07-26 16:03:23 --> Session: Class initialized using 'CodeIgniter\Session\Handlers\FileHandler' driver.
INFO - 2023-07-26 16:03:23 --> Session: Class initialized using 'CodeIgniter\Session\Handlers\FileHandler' driver.
INFO - 2023-07-26 16:03:37 --> Session: Class initialized using 'CodeIgniter\Session\Handlers\FileHandler' driver.
INFO - 2023-07-26 16:06:32 --> Session: Class initialized using 'CodeIgniter\Session\Handlers\FileHandler' driver.
INFO - 2023-07-26 16:06:32 --> Session: Class initialized using 'CodeIgniter\Session\Handlers\FileHandler' driver.
